Copyright 1986-2022 Xilinx, Inc. All Rights Reserved. Copyright 2022-2025 Advanced Micro Devices, Inc. All Rights Reserved.
------------------------------------------------------------------------------------------------------------------------------------------------------------------------------------------------------------------------------------------
| Tool Version : Vivado v.2025.1.1 (win64) Build 6233196 Thu Sep 11 21:27:30 MDT 2025
| Date         : Fri Nov  7 15:33:21 2025
| Host         : eecs-j243w09 running 64-bit major release  (build 9200)
| Command      : report_timing_summary -max_paths 10 -report_unconstrained -file DoubleDabbleTop_timing_summary_routed.rpt -pb DoubleDabbleTop_timing_summary_routed.pb -rpx DoubleDabbleTop_timing_summary_routed.rpx -warn_on_violation
| Design       : DoubleDabbleTop
| Device       : 7s50-csga324
| Speed File   : -1  PRODUCTION 1.23 2018-06-13
| Design State : Routed
------------------------------------------------------------------------------------------------------------------------------------------------------------------------------------------------------------------------------------------

Timing Summary Report

------------------------------------------------------------------------------------------------
| Timer Settings
| --------------
------------------------------------------------------------------------------------------------

  Enable Multi Corner Analysis               :  Yes
  Enable Pessimism Removal                   :  Yes
  Pessimism Removal Resolution               :  Nearest Common Node
  Enable Input Delay Default Clock           :  No
  Enable Preset / Clear Arcs                 :  No
  Disable Flight Delays                      :  No
  Ignore I/O Paths                           :  No
  Timing Early Launch at Borrowing Latches   :  No
  Borrow Time for Max Delay Exceptions       :  Yes
  Merge Timing Exceptions                    :  Yes
  Inter-SLR Compensation                     :  Conservative

  Corner  Analyze    Analyze    
  Name    Max Paths  Min Paths  
  ------  ---------  ---------  
  Slow    Yes        Yes        
  Fast    Yes        Yes        


------------------------------------------------------------------------------------------------
| Report Methodology
| ------------------
------------------------------------------------------------------------------------------------

Rule       Severity          Description                   Violations  
---------  ----------------  ----------------------------  ----------  
TIMING-17  Critical Warning  Non-clocked sequential cell   28          
LUTAR-1    Warning           LUT drives async reset alert  1           

Note: This report is based on the most recent report_methodology run and may not be up-to-date. Run report_methodology on the current design for the latest report.



check_timing report

Table of Contents
-----------------
1. checking no_clock (28)
2. checking constant_clock (0)
3. checking pulse_width_clock (0)
4. checking unconstrained_internal_endpoints (72)
5. checking no_input_delay (10)
6. checking no_output_delay (10)
7. checking multiple_clock (0)
8. checking generated_clocks (0)
9. checking loops (0)
10. checking partial_input_delay (0)
11. checking partial_output_delay (0)
12. checking latch_loops (0)

1. checking no_clock (28)
-------------------------
 There are 24 register/latch pins with no clock driven by root clock pin: clk (HIGH)

 There are 4 register/latch pins with no clock driven by root clock pin: FSM_onehot_CS_reg[3]/Q (HIGH)


2. checking constant_clock (0)
------------------------------
 There are 0 register/latch pins with constant_clock.


3. checking pulse_width_clock (0)
---------------------------------
 There are 0 register/latch pins which need pulse_width check


4. checking unconstrained_internal_endpoints (72)
-------------------------------------------------
 There are 72 pins that are not constrained for maximum delay. (HIGH)

 There are 0 pins that are not constrained for maximum delay due to constant clock.


5. checking no_input_delay (10)
-------------------------------
 There are 10 input ports with no input delay specified. (HIGH)

 There are 0 input ports with no input delay but user has a false path constraint.


6. checking no_output_delay (10)
--------------------------------
 There are 10 ports with no output delay specified. (HIGH)

 There are 0 ports with no output delay but user has a false path constraint

 There are 0 ports with no output delay but with a timing clock defined on it or propagating through it


7. checking multiple_clock (0)
------------------------------
 There are 0 register/latch pins with multiple clocks.


8. checking generated_clocks (0)
--------------------------------
 There are 0 generated clocks that are not connected to a clock source.


9. checking loops (0)
---------------------
 There are 0 combinational loops in the design.


10. checking partial_input_delay (0)
------------------------------------
 There are 0 input ports with partial input delay specified.


11. checking partial_output_delay (0)
-------------------------------------
 There are 0 ports with partial output delay specified.


12. checking latch_loops (0)
----------------------------
 There are 0 combinational latch loops in the design through latch input



------------------------------------------------------------------------------------------------
| Design Timing Summary
| ---------------------
------------------------------------------------------------------------------------------------

    WNS(ns)      TNS(ns)  TNS Failing Endpoints  TNS Total Endpoints      WHS(ns)      THS(ns)  THS Failing Endpoints  THS Total Endpoints     WPWS(ns)     TPWS(ns)  TPWS Failing Endpoints  TPWS Total Endpoints  
    -------      -------  ---------------------  -------------------      -------      -------  ---------------------  -------------------     --------     --------  ----------------------  --------------------  
        inf        0.000                      0                   82          inf        0.000                      0                   82           NA           NA                      NA                    NA  


There are no user specified timing constraints.


------------------------------------------------------------------------------------------------
| Clock Summary
| -------------
------------------------------------------------------------------------------------------------


------------------------------------------------------------------------------------------------
| Intra Clock Table
| -----------------
------------------------------------------------------------------------------------------------

Clock             WNS(ns)      TNS(ns)  TNS Failing Endpoints  TNS Total Endpoints      WHS(ns)      THS(ns)  THS Failing Endpoints  THS Total Endpoints     WPWS(ns)     TPWS(ns)  TPWS Failing Endpoints  TPWS Total Endpoints  
-----             -------      -------  ---------------------  -------------------      -------      -------  ---------------------  -------------------     --------     --------  ----------------------  --------------------  


------------------------------------------------------------------------------------------------
| Inter Clock Table
| -----------------
------------------------------------------------------------------------------------------------

From Clock    To Clock          WNS(ns)      TNS(ns)  TNS Failing Endpoints  TNS Total Endpoints      WHS(ns)      THS(ns)  THS Failing Endpoints  THS Total Endpoints  
----------    --------          -------      -------  ---------------------  -------------------      -------      -------  ---------------------  -------------------  


------------------------------------------------------------------------------------------------
| Other Path Groups Table
| -----------------------
------------------------------------------------------------------------------------------------

Path Group    From Clock    To Clock          WNS(ns)      TNS(ns)  TNS Failing Endpoints  TNS Total Endpoints      WHS(ns)      THS(ns)  THS Failing Endpoints  THS Total Endpoints  
----------    ----------    --------          -------      -------  ---------------------  -------------------      -------      -------  ---------------------  -------------------  


------------------------------------------------------------------------------------------------
| User Ignored Path Table
| -----------------------
------------------------------------------------------------------------------------------------

Path Group    From Clock    To Clock    
----------    ----------    --------    


------------------------------------------------------------------------------------------------
| Unconstrained Path Table
| ------------------------
------------------------------------------------------------------------------------------------

Path Group    From Clock    To Clock    
----------    ----------    --------    
(none)                                    


------------------------------------------------------------------------------------------------
| Timing Details
| --------------
------------------------------------------------------------------------------------------------


--------------------------------------------------------------------------------------
Path Group:  (none)
From Clock:  
  To Clock:  

Max Delay            82 Endpoints
Min Delay            82 Endpoints
--------------------------------------------------------------------------------------


Max Delay Paths
--------------------------------------------------------------------------------------
Slack:                    inf
  Source:                 start
                            (input port)
  Destination:            DFF0/FLIPFLOP/Q_reg/R
  Path Group:             (none)
  Path Type:              Max at Slow Process Corner
  Data Path Delay:        6.988ns  (logic 1.580ns (22.616%)  route 5.408ns (77.384%))
  Logic Levels:           2  (IBUF=1 LUT3=1)

    Location             Delay type                Incr(ns)  Path(ns)    Netlist Resource(s)
  -------------------------------------------------------------------    -------------------
    J2                                                0.000     0.000 r  start (IN)
                         net (fo=0)                   0.000     0.000    start
    J2                   IBUF (Prop_ibuf_I_O)         1.456     1.456 r  start_IBUF_inst/O
                         net (fo=5, routed)           3.580     5.036    counter_inst/start_IBUF
    SLICE_X30Y15         LUT3 (Prop_lut3_I0_O)        0.124     5.160 r  counter_inst/Q_i_1__14/O
                         net (fo=21, routed)          1.828     6.988    DFF0/FLIPFLOP/AR[0]
    SLICE_X65Y17         FDRE                                         r  DFF0/FLIPFLOP/Q_reg/R
  -------------------------------------------------------------------    -------------------

Slack:                    inf
  Source:                 start
                            (input port)
  Destination:            DFF1/FLIPFLOP/Q_reg/R
  Path Group:             (none)
  Path Type:              Max at Slow Process Corner
  Data Path Delay:        6.988ns  (logic 1.580ns (22.616%)  route 5.408ns (77.384%))
  Logic Levels:           2  (IBUF=1 LUT3=1)

    Location             Delay type                Incr(ns)  Path(ns)    Netlist Resource(s)
  -------------------------------------------------------------------    -------------------
    J2                                                0.000     0.000 r  start (IN)
                         net (fo=0)                   0.000     0.000    start
    J2                   IBUF (Prop_ibuf_I_O)         1.456     1.456 r  start_IBUF_inst/O
                         net (fo=5, routed)           3.580     5.036    counter_inst/start_IBUF
    SLICE_X30Y15         LUT3 (Prop_lut3_I0_O)        0.124     5.160 r  counter_inst/Q_i_1__14/O
                         net (fo=21, routed)          1.828     6.988    DFF1/FLIPFLOP/AR[0]
    SLICE_X65Y17         FDRE                                         r  DFF1/FLIPFLOP/Q_reg/R
  -------------------------------------------------------------------    -------------------

Slack:                    inf
  Source:                 start
                            (input port)
  Destination:            DFF2/FLIPFLOP/Q_reg/R
  Path Group:             (none)
  Path Type:              Max at Slow Process Corner
  Data Path Delay:        6.988ns  (logic 1.580ns (22.616%)  route 5.408ns (77.384%))
  Logic Levels:           2  (IBUF=1 LUT3=1)

    Location             Delay type                Incr(ns)  Path(ns)    Netlist Resource(s)
  -------------------------------------------------------------------    -------------------
    J2                                                0.000     0.000 r  start (IN)
                         net (fo=0)                   0.000     0.000    start
    J2                   IBUF (Prop_ibuf_I_O)         1.456     1.456 r  start_IBUF_inst/O
                         net (fo=5, routed)           3.580     5.036    counter_inst/start_IBUF
    SLICE_X30Y15         LUT3 (Prop_lut3_I0_O)        0.124     5.160 r  counter_inst/Q_i_1__14/O
                         net (fo=21, routed)          1.828     6.988    DFF2/FLIPFLOP/AR[0]
    SLICE_X65Y17         FDRE                                         r  DFF2/FLIPFLOP/Q_reg/R
  -------------------------------------------------------------------    -------------------

Slack:                    inf
  Source:                 start
                            (input port)
  Destination:            DFF3/FLIPFLOP/Q_reg/R
  Path Group:             (none)
  Path Type:              Max at Slow Process Corner
  Data Path Delay:        6.988ns  (logic 1.580ns (22.616%)  route 5.408ns (77.384%))
  Logic Levels:           2  (IBUF=1 LUT3=1)

    Location             Delay type                Incr(ns)  Path(ns)    Netlist Resource(s)
  -------------------------------------------------------------------    -------------------
    J2                                                0.000     0.000 r  start (IN)
                         net (fo=0)                   0.000     0.000    start
    J2                   IBUF (Prop_ibuf_I_O)         1.456     1.456 r  start_IBUF_inst/O
                         net (fo=5, routed)           3.580     5.036    counter_inst/start_IBUF
    SLICE_X30Y15         LUT3 (Prop_lut3_I0_O)        0.124     5.160 r  counter_inst/Q_i_1__14/O
                         net (fo=21, routed)          1.828     6.988    DFF3/FLIPFLOP/AR[0]
    SLICE_X65Y17         FDRE                                         r  DFF3/FLIPFLOP/Q_reg/R
  -------------------------------------------------------------------    -------------------

Slack:                    inf
  Source:                 start
                            (input port)
  Destination:            DFF4/FLIPFLOP/Q_reg/R
  Path Group:             (none)
  Path Type:              Max at Slow Process Corner
  Data Path Delay:        6.988ns  (logic 1.580ns (22.616%)  route 5.408ns (77.384%))
  Logic Levels:           2  (IBUF=1 LUT3=1)

    Location             Delay type                Incr(ns)  Path(ns)    Netlist Resource(s)
  -------------------------------------------------------------------    -------------------
    J2                                                0.000     0.000 r  start (IN)
                         net (fo=0)                   0.000     0.000    start
    J2                   IBUF (Prop_ibuf_I_O)         1.456     1.456 r  start_IBUF_inst/O
                         net (fo=5, routed)           3.580     5.036    counter_inst/start_IBUF
    SLICE_X30Y15         LUT3 (Prop_lut3_I0_O)        0.124     5.160 r  counter_inst/Q_i_1__14/O
                         net (fo=21, routed)          1.828     6.988    DFF4/FLIPFLOP/AR[0]
    SLICE_X65Y17         FDRE                                         r  DFF4/FLIPFLOP/Q_reg/R
  -------------------------------------------------------------------    -------------------

Slack:                    inf
  Source:                 start
                            (input port)
  Destination:            DFF5/FLIPFLOP/Q_reg/R
  Path Group:             (none)
  Path Type:              Max at Slow Process Corner
  Data Path Delay:        6.988ns  (logic 1.580ns (22.616%)  route 5.408ns (77.384%))
  Logic Levels:           2  (IBUF=1 LUT3=1)

    Location             Delay type                Incr(ns)  Path(ns)    Netlist Resource(s)
  -------------------------------------------------------------------    -------------------
    J2                                                0.000     0.000 r  start (IN)
                         net (fo=0)                   0.000     0.000    start
    J2                   IBUF (Prop_ibuf_I_O)         1.456     1.456 r  start_IBUF_inst/O
                         net (fo=5, routed)           3.580     5.036    counter_inst/start_IBUF
    SLICE_X30Y15         LUT3 (Prop_lut3_I0_O)        0.124     5.160 r  counter_inst/Q_i_1__14/O
                         net (fo=21, routed)          1.828     6.988    DFF5/FLIPFLOP/AR[0]
    SLICE_X64Y17         FDRE                                         r  DFF5/FLIPFLOP/Q_reg/R
  -------------------------------------------------------------------    -------------------

Slack:                    inf
  Source:                 start
                            (input port)
  Destination:            DFF6/FLIPFLOP/Q_reg/R
  Path Group:             (none)
  Path Type:              Max at Slow Process Corner
  Data Path Delay:        6.988ns  (logic 1.580ns (22.616%)  route 5.408ns (77.384%))
  Logic Levels:           2  (IBUF=1 LUT3=1)

    Location             Delay type                Incr(ns)  Path(ns)    Netlist Resource(s)
  -------------------------------------------------------------------    -------------------
    J2                                                0.000     0.000 r  start (IN)
                         net (fo=0)                   0.000     0.000    start
    J2                   IBUF (Prop_ibuf_I_O)         1.456     1.456 r  start_IBUF_inst/O
                         net (fo=5, routed)           3.580     5.036    counter_inst/start_IBUF
    SLICE_X30Y15         LUT3 (Prop_lut3_I0_O)        0.124     5.160 r  counter_inst/Q_i_1__14/O
                         net (fo=21, routed)          1.828     6.988    DFF6/FLIPFLOP/AR[0]
    SLICE_X64Y17         FDRE                                         r  DFF6/FLIPFLOP/Q_reg/R
  -------------------------------------------------------------------    -------------------

Slack:                    inf
  Source:                 start
                            (input port)
  Destination:            DFF7/FLIPFLOP/Q_reg/R
  Path Group:             (none)
  Path Type:              Max at Slow Process Corner
  Data Path Delay:        6.988ns  (logic 1.580ns (22.616%)  route 5.408ns (77.384%))
  Logic Levels:           2  (IBUF=1 LUT3=1)

    Location             Delay type                Incr(ns)  Path(ns)    Netlist Resource(s)
  -------------------------------------------------------------------    -------------------
    J2                                                0.000     0.000 r  start (IN)
                         net (fo=0)                   0.000     0.000    start
    J2                   IBUF (Prop_ibuf_I_O)         1.456     1.456 r  start_IBUF_inst/O
                         net (fo=5, routed)           3.580     5.036    counter_inst/start_IBUF
    SLICE_X30Y15         LUT3 (Prop_lut3_I0_O)        0.124     5.160 r  counter_inst/Q_i_1__14/O
                         net (fo=21, routed)          1.828     6.988    DFF7/FLIPFLOP/AR[0]
    SLICE_X64Y17         FDRE                                         r  DFF7/FLIPFLOP/Q_reg/R
  -------------------------------------------------------------------    -------------------

Slack:                    inf
  Source:                 start
                            (input port)
  Destination:            DFF10/FLIPFLOP/Q_reg/R
  Path Group:             (none)
  Path Type:              Max at Slow Process Corner
  Data Path Delay:        6.916ns  (logic 1.580ns (22.853%)  route 5.335ns (77.147%))
  Logic Levels:           2  (IBUF=1 LUT3=1)

    Location             Delay type                Incr(ns)  Path(ns)    Netlist Resource(s)
  -------------------------------------------------------------------    -------------------
    J2                                                0.000     0.000 r  start (IN)
                         net (fo=0)                   0.000     0.000    start
    J2                   IBUF (Prop_ibuf_I_O)         1.456     1.456 r  start_IBUF_inst/O
                         net (fo=5, routed)           3.580     5.036    counter_inst/start_IBUF
    SLICE_X30Y15         LUT3 (Prop_lut3_I0_O)        0.124     5.160 r  counter_inst/Q_i_1__14/O
                         net (fo=21, routed)          1.756     6.916    DFF10/FLIPFLOP/AR[0]
    SLICE_X1Y3           FDRE                                         r  DFF10/FLIPFLOP/Q_reg/R
  -------------------------------------------------------------------    -------------------

Slack:                    inf
  Source:                 start
                            (input port)
  Destination:            DFF11/FLIPFLOP/Q_reg/R
  Path Group:             (none)
  Path Type:              Max at Slow Process Corner
  Data Path Delay:        6.916ns  (logic 1.580ns (22.853%)  route 5.335ns (77.147%))
  Logic Levels:           2  (IBUF=1 LUT3=1)

    Location             Delay type                Incr(ns)  Path(ns)    Netlist Resource(s)
  -------------------------------------------------------------------    -------------------
    J2                                                0.000     0.000 r  start (IN)
                         net (fo=0)                   0.000     0.000    start
    J2                   IBUF (Prop_ibuf_I_O)         1.456     1.456 r  start_IBUF_inst/O
                         net (fo=5, routed)           3.580     5.036    counter_inst/start_IBUF
    SLICE_X30Y15         LUT3 (Prop_lut3_I0_O)        0.124     5.160 r  counter_inst/Q_i_1__14/O
                         net (fo=21, routed)          1.756     6.916    DFF11/FLIPFLOP/AR[0]
    SLICE_X1Y3           FDRE                                         r  DFF11/FLIPFLOP/Q_reg/R
  -------------------------------------------------------------------    -------------------





Min Delay Paths
--------------------------------------------------------------------------------------
Slack:                    inf
  Source:                 FSM_onehot_CS_reg[2]/C
                            (rising edge-triggered cell FDCE)
  Destination:            FSM_onehot_CS_reg[3]/D
  Path Group:             (none)
  Path Type:              Min at Fast Process Corner
  Data Path Delay:        0.272ns  (logic 0.141ns (51.927%)  route 0.131ns (48.073%))
  Logic Levels:           1  (FDCE=1)

    Location             Delay type                Incr(ns)  Path(ns)    Netlist Resource(s)
  -------------------------------------------------------------------    -------------------
    SLICE_X31Y15         FDCE                         0.000     0.000 r  FSM_onehot_CS_reg[2]/C
    SLICE_X31Y15         FDCE (Prop_fdce_C_Q)         0.141     0.141 r  FSM_onehot_CS_reg[2]/Q
                         net (fo=11, routed)          0.131     0.272    FSM_onehot_CS_reg_n_0_[2]
    SLICE_X31Y15         FDCE                                         r  FSM_onehot_CS_reg[3]/D
  -------------------------------------------------------------------    -------------------

Slack:                    inf
  Source:                 FSM_onehot_CS_reg[0]/C
                            (rising edge-triggered cell FDPE)
  Destination:            DFF16/FLIPFLOP/Q_reg/D
  Path Group:             (none)
  Path Type:              Min at Fast Process Corner
  Data Path Delay:        0.306ns  (logic 0.186ns (60.702%)  route 0.120ns (39.298%))
  Logic Levels:           2  (FDPE=1 LUT6=1)

    Location             Delay type                Incr(ns)  Path(ns)    Netlist Resource(s)
  -------------------------------------------------------------------    -------------------
    SLICE_X31Y15         FDPE                         0.000     0.000 r  FSM_onehot_CS_reg[0]/C
    SLICE_X31Y15         FDPE (Prop_fdpe_C_Q)         0.141     0.141 f  FSM_onehot_CS_reg[0]/Q
                         net (fo=4, routed)           0.120     0.261    DFF16/FLIPFLOP/Q[0]
    SLICE_X30Y15         LUT6 (Prop_lut6_I3_O)        0.045     0.306 r  DFF16/FLIPFLOP/Q_i_1__15/O
                         net (fo=1, routed)           0.000     0.306    DFF16/FLIPFLOP/Q_i_1__15_n_0
    SLICE_X30Y15         FDRE                                         r  DFF16/FLIPFLOP/Q_reg/D
  -------------------------------------------------------------------    -------------------

Slack:                    inf
  Source:                 FSM_onehot_CS_reg[3]/C
                            (rising edge-triggered cell FDCE)
  Destination:            FSM_onehot_CS_reg[4]/D
  Path Group:             (none)
  Path Type:              Min at Fast Process Corner
  Data Path Delay:        0.310ns  (logic 0.128ns (41.320%)  route 0.182ns (58.680%))
  Logic Levels:           1  (FDCE=1)

    Location             Delay type                Incr(ns)  Path(ns)    Netlist Resource(s)
  -------------------------------------------------------------------    -------------------
    SLICE_X31Y15         FDCE                         0.000     0.000 r  FSM_onehot_CS_reg[3]/C
    SLICE_X31Y15         FDCE (Prop_fdce_C_Q)         0.128     0.128 r  FSM_onehot_CS_reg[3]/Q
                         net (fo=10, routed)          0.182     0.310    HundredsShiftEn
    SLICE_X31Y15         FDCE                                         r  FSM_onehot_CS_reg[4]/D
  -------------------------------------------------------------------    -------------------

Slack:                    inf
  Source:                 FSM_onehot_CS_reg[4]/C
                            (rising edge-triggered cell FDCE)
  Destination:            FSM_onehot_CS_reg[2]/D
  Path Group:             (none)
  Path Type:              Min at Fast Process Corner
  Data Path Delay:        0.312ns  (logic 0.226ns (72.544%)  route 0.086ns (27.456%))
  Logic Levels:           2  (FDCE=1 LUT3=1)

    Location             Delay type                Incr(ns)  Path(ns)    Netlist Resource(s)
  -------------------------------------------------------------------    -------------------
    SLICE_X31Y15         FDCE                         0.000     0.000 r  FSM_onehot_CS_reg[4]/C
    SLICE_X31Y15         FDCE (Prop_fdce_C_Q)         0.128     0.128 r  FSM_onehot_CS_reg[4]/Q
                         net (fo=2, routed)           0.086     0.214    counter_inst/Q[3]
    SLICE_X31Y15         LUT3 (Prop_lut3_I1_O)        0.098     0.312 r  counter_inst/FSM_onehot_CS[2]_i_1/O
                         net (fo=1, routed)           0.000     0.312    counter_inst_n_2
    SLICE_X31Y15         FDCE                                         r  FSM_onehot_CS_reg[2]/D
  -------------------------------------------------------------------    -------------------

Slack:                    inf
  Source:                 FSM_onehot_CS_reg[4]/C
                            (rising edge-triggered cell FDCE)
  Destination:            FSM_onehot_CS_reg[5]/D
  Path Group:             (none)
  Path Type:              Min at Fast Process Corner
  Data Path Delay:        0.318ns  (logic 0.232ns (73.062%)  route 0.086ns (26.938%))
  Logic Levels:           2  (FDCE=1 LUT4=1)

    Location             Delay type                Incr(ns)  Path(ns)    Netlist Resource(s)
  -------------------------------------------------------------------    -------------------
    SLICE_X31Y15         FDCE                         0.000     0.000 r  FSM_onehot_CS_reg[4]/C
    SLICE_X31Y15         FDCE (Prop_fdce_C_Q)         0.128     0.128 r  FSM_onehot_CS_reg[4]/Q
                         net (fo=2, routed)           0.086     0.214    counter_inst/Q[3]
    SLICE_X31Y15         LUT4 (Prop_lut4_I0_O)        0.104     0.318 r  counter_inst/FSM_onehot_CS[5]_i_1/O
                         net (fo=1, routed)           0.000     0.318    counter_inst_n_1
    SLICE_X31Y15         FDCE                                         r  FSM_onehot_CS_reg[5]/D
  -------------------------------------------------------------------    -------------------

Slack:                    inf
  Source:                 DFF0/FLIPFLOP/Q_reg/C
                            (rising edge-triggered cell FDRE)
  Destination:            DFF1/FLIPFLOP/Q_reg/D
  Path Group:             (none)
  Path Type:              Min at Fast Process Corner
  Data Path Delay:        0.339ns  (logic 0.183ns (53.966%)  route 0.156ns (46.034%))
  Logic Levels:           2  (FDRE=1 LUT3=1)

    Location             Delay type                Incr(ns)  Path(ns)    Netlist Resource(s)
  -------------------------------------------------------------------    -------------------
    SLICE_X65Y17         FDRE                         0.000     0.000 r  DFF0/FLIPFLOP/Q_reg/C
    SLICE_X65Y17         FDRE (Prop_fdre_C_Q)         0.141     0.141 r  DFF0/FLIPFLOP/Q_reg/Q
                         net (fo=1, routed)           0.156     0.297    DFF0/FLIPFLOP/DFFwire_0
    SLICE_X65Y17         LUT3 (Prop_lut3_I2_O)        0.042     0.339 r  DFF0/FLIPFLOP/Q_i_1/O
                         net (fo=1, routed)           0.000     0.339    DFF1/FLIPFLOP/mux_out_0
    SLICE_X65Y17         FDRE                                         r  DFF1/FLIPFLOP/Q_reg/D
  -------------------------------------------------------------------    -------------------

Slack:                    inf
  Source:                 FSM_onehot_CS_reg[5]/C
                            (rising edge-triggered cell FDCE)
  Destination:            FSM_onehot_CS_reg[1]/D
  Path Group:             (none)
  Path Type:              Min at Fast Process Corner
  Data Path Delay:        0.355ns  (logic 0.226ns (63.694%)  route 0.129ns (36.306%))
  Logic Levels:           2  (FDCE=1 LUT3=1)

    Location             Delay type                Incr(ns)  Path(ns)    Netlist Resource(s)
  -------------------------------------------------------------------    -------------------
    SLICE_X31Y15         FDCE                         0.000     0.000 r  FSM_onehot_CS_reg[5]/C
    SLICE_X31Y15         FDCE (Prop_fdce_C_Q)         0.128     0.128 r  FSM_onehot_CS_reg[5]/Q
                         net (fo=4, routed)           0.129     0.257    FSM_onehot_CS_reg_n_0_[5]
    SLICE_X31Y15         LUT3 (Prop_lut3_I1_O)        0.098     0.355 r  FSM_onehot_CS[1]_i_1/O
                         net (fo=1, routed)           0.000     0.355    FSM_onehot_CS[1]_i_1_n_0
    SLICE_X31Y15         FDCE                                         r  FSM_onehot_CS_reg[1]/D
  -------------------------------------------------------------------    -------------------

Slack:                    inf
  Source:                 DFF12/FLIPFLOP/Q_reg/C
                            (rising edge-triggered cell FDRE)
  Destination:            DFF12/FLIPFLOP/Q_reg/D
  Path Group:             (none)
  Path Type:              Min at Fast Process Corner
  Data Path Delay:        0.363ns  (logic 0.186ns (51.193%)  route 0.177ns (48.807%))
  Logic Levels:           2  (FDRE=1 LUT6=1)

    Location             Delay type                Incr(ns)  Path(ns)    Netlist Resource(s)
  -------------------------------------------------------------------    -------------------
    SLICE_X0Y5           FDRE                         0.000     0.000 r  DFF12/FLIPFLOP/Q_reg/C
    SLICE_X0Y5           FDRE (Prop_fdre_C_Q)         0.141     0.141 f  DFF12/FLIPFLOP/Q_reg/Q
                         net (fo=6, routed)           0.177     0.318    DFF15/FLIPFLOP/BCDDispData_OBUF[1]
    SLICE_X0Y5           LUT6 (Prop_lut6_I2_O)        0.045     0.363 r  DFF15/FLIPFLOP/Q_i_2__0/O
                         net (fo=1, routed)           0.000     0.363    DFF12/FLIPFLOP/mux_out
    SLICE_X0Y5           FDRE                                         r  DFF12/FLIPFLOP/Q_reg/D
  -------------------------------------------------------------------    -------------------

Slack:                    inf
  Source:                 DFF12/FLIPFLOP/Q_reg/C
                            (rising edge-triggered cell FDRE)
  Destination:            DFF14/FLIPFLOP/Q_reg/D
  Path Group:             (none)
  Path Type:              Min at Fast Process Corner
  Data Path Delay:        0.364ns  (logic 0.186ns (51.052%)  route 0.178ns (48.948%))
  Logic Levels:           2  (FDRE=1 LUT5=1)

    Location             Delay type                Incr(ns)  Path(ns)    Netlist Resource(s)
  -------------------------------------------------------------------    -------------------
    SLICE_X0Y5           FDRE                         0.000     0.000 r  DFF12/FLIPFLOP/Q_reg/C
    SLICE_X0Y5           FDRE (Prop_fdre_C_Q)         0.141     0.141 r  DFF12/FLIPFLOP/Q_reg/Q
                         net (fo=6, routed)           0.178     0.319    DFF12/FLIPFLOP/BCDDispData_OBUF[0]
    SLICE_X0Y5           LUT5 (Prop_lut5_I0_O)        0.045     0.364 r  DFF12/FLIPFLOP/Q_i_1__11/O
                         net (fo=1, routed)           0.000     0.364    DFF14/FLIPFLOP/Q_reg_0
    SLICE_X0Y5           FDRE                                         r  DFF14/FLIPFLOP/Q_reg/D
  -------------------------------------------------------------------    -------------------

Slack:                    inf
  Source:                 DFF1/FLIPFLOP/Q_reg/C
                            (rising edge-triggered cell FDRE)
  Destination:            DFF2/FLIPFLOP/Q_reg/D
  Path Group:             (none)
  Path Type:              Min at Fast Process Corner
  Data Path Delay:        0.366ns  (logic 0.227ns (61.953%)  route 0.139ns (38.047%))
  Logic Levels:           2  (FDRE=1 LUT3=1)

    Location             Delay type                Incr(ns)  Path(ns)    Netlist Resource(s)
  -------------------------------------------------------------------    -------------------
    SLICE_X65Y17         FDRE                         0.000     0.000 r  DFF1/FLIPFLOP/Q_reg/C
    SLICE_X65Y17         FDRE (Prop_fdre_C_Q)         0.128     0.128 r  DFF1/FLIPFLOP/Q_reg/Q
                         net (fo=1, routed)           0.139     0.267    DFF1/FLIPFLOP/DFFwire_1
    SLICE_X65Y17         LUT3 (Prop_lut3_I2_O)        0.099     0.366 r  DFF1/FLIPFLOP/Q_i_1__0/O
                         net (fo=1, routed)           0.000     0.366    DFF2/FLIPFLOP/mux_out_0
    SLICE_X65Y17         FDRE                                         r  DFF2/FLIPFLOP/Q_reg/D
  -------------------------------------------------------------------    -------------------





