Copyright 1986-2022 Xilinx, Inc. All Rights Reserved. Copyright 2022-2025 Advanced Micro Devices, Inc. All Rights Reserved.
---------------------------------------------------------------------------------------------------------------------------------------------
| Tool Version : Vivado v.2025.1.1 (win64) Build 6233196 Thu Sep 11 21:27:30 MDT 2025
| Date         : Fri Nov  7 15:33:01 2025
| Host         : eecs-j243w09 running 64-bit major release  (build 9200)
| Command      : report_control_sets -verbose -file DoubleDabbleTop_control_sets_placed.rpt
| Design       : DoubleDabbleTop
| Device       : xc7s50
---------------------------------------------------------------------------------------------------------------------------------------------

Control Set Information

Table of Contents
-----------------
1. Summary
2. Histogram
3. Flip-Flop Distribution
4. Detailed Control Set Information

1. Summary
----------

+----------------------------------------------------------+-------+
|                          Status                          | Count |
+----------------------------------------------------------+-------+
| Total control sets                                       |     7 |
|    Minimum number of control sets                        |     7 |
|    Addition due to synthesis replication                 |     0 |
|    Addition due to physical synthesis replication        |     0 |
| Unused register locations in slices containing registers |    28 |
+----------------------------------------------------------+-------+
* Control sets can be merged at opt_design using control_set_merge or merge_equivalent_drivers
** Run report_qor_suggestions for automated merging and remapping suggestions


2. Histogram
------------

+--------------------+-------+
|       Fanout       | Count |
+--------------------+-------+
| Total control sets |     7 |
| >= 0 to < 4        |     2 |
| >= 4 to < 6        |     3 |
| >= 6 to < 8        |     1 |
| >= 8 to < 10       |     1 |
| >= 10 to < 12      |     0 |
| >= 12 to < 14      |     0 |
| >= 14 to < 16      |     0 |
| >= 16              |     0 |
+--------------------+-------+
* Control sets can be remapped at either synth_design or opt_design


3. Flip-Flop Distribution
-------------------------

+--------------+-----------------------+------------------------+-----------------+--------------+
| Clock Enable | Synchronous Set/Reset | Asynchronous Set/Reset | Total Registers | Total Slices |
+--------------+-----------------------+------------------------+-----------------+--------------+
| No           | No                    | No                     |               1 |            1 |
| No           | No                    | Yes                    |              10 |            2 |
| No           | Yes                   | No                     |               0 |            0 |
| Yes          | No                    | No                     |               0 |            0 |
| Yes          | No                    | Yes                    |               0 |            0 |
| Yes          | Yes                   | No                     |              17 |            5 |
+--------------+-----------------------+------------------------+-----------------+--------------+


4. Detailed Control Set Information
-----------------------------------

+------------------+----------------------------+--------------------+------------------+----------------+--------------+
|   Clock Signal   |        Enable Signal       |  Set/Reset Signal  | Slice Load Count | Bel Load Count | Bels / Slice |
+------------------+----------------------------+--------------------+------------------+----------------+--------------+
|  clk_IBUF_BUFG   |                            |                    |                1 |              1 |         1.00 |
|  clk_IBUF_BUFG   | HundredsShiftEn            | counter_inst/AR[0] |                1 |              1 |         1.00 |
|  clk_IBUF_BUFG   | DFF10/FLIPFLOP/OnesShiftEn | counter_inst/AR[0] |                1 |              4 |         4.00 |
|  clk_IBUF_BUFG   | DFF14/FLIPFLOP/TensShiftEn | counter_inst/AR[0] |                1 |              4 |         4.00 |
|  HundredsShiftEn |                            | counter_inst/AR[0] |                1 |              4 |         4.00 |
|  clk_IBUF_BUFG   |                            | rst_IBUF           |                1 |              6 |         6.00 |
|  clk_IBUF_BUFG   | DFF7/FLIPFLOP/InputShiftEn | counter_inst/AR[0] |                2 |              8 |         4.00 |
+------------------+----------------------------+--------------------+------------------+----------------+--------------+


