Copyright 1986-2022 Xilinx, Inc. All Rights Reserved. Copyright 2022-2025 Advanced Micro Devices, Inc. All Rights Reserved.
-------------------------------------------------------------------------------------------------------------------------------------------------------------------
| Tool Version     : Vivado v.2025.1.1 (win64) Build 6233196 Thu Sep 11 21:27:30 MDT 2025
| Date             : Fri Nov  7 15:33:22 2025
| Host             : eecs-j243w09 running 64-bit major release  (build 9200)
| Command          : report_power -file DoubleDabbleTop_power_routed.rpt -pb DoubleDabbleTop_power_summary_routed.pb -rpx DoubleDabbleTop_power_routed.rpx
| Design           : DoubleDabbleTop
| Device           : xc7s50csga324-1
| Design State     : routed
| Grade            : commercial
| Process          : typical
| Characterization : Production
-------------------------------------------------------------------------------------------------------------------------------------------------------------------

Power Report

Table of Contents
-----------------
1. Summary
1.1 On-Chip Components
1.2 Power Supply Summary
1.3 Confidence Level
2. Settings
2.1 Environment
2.2 Clock Constraints
3. Detailed Reports
3.1 By Hierarchy

1. Summary
----------

+--------------------------+--------------+
| Total On-Chip Power (W)  | 4.249        |
| Design Power Budget (W)  | Unspecified* |
| Power Budget Margin (W)  | NA           |
| Dynamic (W)              | 4.165        |
| Device Static (W)        | 0.084        |
| Effective TJA (C/W)      | 4.9          |
| Max Ambient (C)          | 64.0         |
| Junction Temperature (C) | 46.0         |
| Confidence Level         | Low          |
| Setting File             | ---          |
| Simulation Activity File | ---          |
| Design Nets Matched      | NA           |
+--------------------------+--------------+
* Specify Design Power Budget using, set_operating_conditions -design_power_budget <value in Watts>


1.1 On-Chip Components
----------------------

+----------------+-----------+----------+-----------+-----------------+
| On-Chip        | Power (W) | Used     | Available | Utilization (%) |
+----------------+-----------+----------+-----------+-----------------+
| Slice Logic    |     0.130 |       62 |       --- |             --- |
|   LUT as Logic |     0.113 |       25 |     32600 |            0.08 |
|   Register     |     0.011 |       28 |     65200 |            0.04 |
|   BUFG         |     0.006 |        1 |        32 |            3.13 |
|   Others       |     0.000 |        4 |       --- |             --- |
| Signals        |     0.201 |       44 |       --- |             --- |
| I/O            |     3.834 |       21 |       210 |           10.00 |
| Static Power   |     0.084 |          |           |                 |
| Total          |     4.249 |          |           |                 |
+----------------+-----------+----------+-----------+-----------------+


1.2 Power Supply Summary
------------------------

+-----------+-------------+-----------+-------------+------------+-------------+-------------+------------+
| Source    | Voltage (V) | Total (A) | Dynamic (A) | Static (A) | Powerup (A) | Budget (A)  | Margin (A) |
+-----------+-------------+-----------+-------------+------------+-------------+-------------+------------+
| Vccint    |       1.000 |     0.392 |       0.371 |      0.021 |       NA    | Unspecified | NA         |
| Vccaux    |       1.800 |     0.324 |       0.311 |      0.014 |       NA    | Unspecified | NA         |
| Vcco33    |       3.300 |     0.000 |       0.000 |      0.000 |       NA    | Unspecified | NA         |
| Vcco25    |       2.500 |     0.000 |       0.000 |      0.000 |       NA    | Unspecified | NA         |
| Vcco18    |       1.800 |     1.798 |       1.797 |      0.001 |       NA    | Unspecified | NA         |
| Vcco15    |       1.500 |     0.000 |       0.000 |      0.000 |       NA    | Unspecified | NA         |
| Vcco135   |       1.350 |     0.000 |       0.000 |      0.000 |       NA    | Unspecified | NA         |
| Vcco12    |       1.200 |     0.000 |       0.000 |      0.000 |       NA    | Unspecified | NA         |
| Vccaux_io |       1.800 |     0.000 |       0.000 |      0.000 |       NA    | Unspecified | NA         |
| Vccbram   |       1.000 |     0.000 |       0.000 |      0.000 |       NA    | Unspecified | NA         |
| Vccadc    |       1.800 |     0.020 |       0.000 |      0.020 |       NA    | Unspecified | NA         |
+-----------+-------------+-----------+-------------+------------+-------------+-------------+------------+


1.3 Confidence Level
--------------------

+-----------------------------+------------+--------------------------------------------------------+--------------------------------------------------------------------------------------------------------------------+
| User Input Data             | Confidence | Details                                                | Action                                                                                                             |
+-----------------------------+------------+--------------------------------------------------------+--------------------------------------------------------------------------------------------------------------------+
| Design implementation state | High       | Design is routed                                       |                                                                                                                    |
| Clock nodes activity        | Low        | User specified less than 75% of clocks                 | Provide missing clock activity with a constraint file, simulation results or by editing the "By Clock Domain" view |
| I/O nodes activity          | Low        | More than 75% of inputs are missing user specification | Provide missing input activity with simulation results or by editing the "By Resource Type -> I/Os" view           |
| Internal nodes activity     | Medium     | User specified less than 25% of internal nodes         | Provide missing internal nodes activity with simulation results or by editing the "By Resource Type" views         |
| Device models               | High       | Device models are Production                           |                                                                                                                    |
|                             |            |                                                        |                                                                                                                    |
| Overall confidence level    | Low        |                                                        |                                                                                                                    |
+-----------------------------+------------+--------------------------------------------------------+--------------------------------------------------------------------------------------------------------------------+


2. Settings
-----------

2.1 Environment
---------------

+-----------------------+--------------------------+
| Ambient Temp (C)      | 25.0                     |
| ThetaJA (C/W)         | 4.9                      |
| Airflow (LFM)         | 250                      |
| Heat Sink             | medium (Medium Profile)  |
| ThetaSA (C/W)         | 4.6                      |
| Board Selection       | medium (10"x10")         |
| # of Board Layers     | 12to15 (12 to 15 Layers) |
| Board Temperature (C) | 25.0                     |
+-----------------------+--------------------------+


2.2 Clock Constraints
---------------------

+-------+--------+-----------------+
| Clock | Domain | Constraint (ns) |
+-------+--------+-----------------+


3. Detailed Reports
-------------------

3.1 By Hierarchy
----------------

+-----------------+-----------+
| Name            | Power (W) |
+-----------------+-----------+
| DoubleDabbleTop |     4.165 |
|   DFF0          |     0.003 |
|     FLIPFLOP    |     0.003 |
|   DFF1          |     0.002 |
|     FLIPFLOP    |     0.002 |
|   DFF10         |     0.016 |
|     FLIPFLOP    |     0.016 |
|   DFF11         |     0.018 |
|     FLIPFLOP    |     0.018 |
|   DFF12         |     0.017 |
|     FLIPFLOP    |     0.017 |
|   DFF13         |     0.014 |
|     FLIPFLOP    |     0.014 |
|   DFF14         |     0.020 |
|     FLIPFLOP    |     0.020 |
|   DFF15         |     0.028 |
|     FLIPFLOP    |     0.028 |
|   DFF16         |     0.011 |
|     FLIPFLOP    |     0.011 |
|   DFF17         |     0.001 |
|     FLIPFLOP    |     0.001 |
|   DFF2          |     0.003 |
|     FLIPFLOP    |     0.003 |
|   DFF3          |     0.002 |
|     FLIPFLOP    |     0.002 |
|   DFF4          |     0.003 |
|     FLIPFLOP    |     0.003 |
|   DFF5          |     0.003 |
|     FLIPFLOP    |     0.003 |
|   DFF6          |     0.003 |
|     FLIPFLOP    |     0.003 |
|   DFF7          |     0.013 |
|     FLIPFLOP    |     0.013 |
|   DFF8          |     0.014 |
|     FLIPFLOP    |     0.014 |
|   DFF9          |     0.013 |
|     FLIPFLOP    |     0.013 |
|   counter_inst  |     0.061 |
+-----------------+-----------+


