
*** Running vivado
    with args -log DoubleDabbleTop.vdi -applog -m64 -product Vivado -messageDb vivado.pb -mode batch -source DoubleDabbleTop.tcl -notrace



****** Vivado v2025.1.1 (64-bit)
  **** SW Build 6233196 on Thu Sep 11 21:27:30 MDT 2025
  **** IP Build 6232796 on Fri Sep 12 01:46:16 MDT 2025
  **** SharedData Build 6233195 on Thu Sep 11 17:56:43 MDT 2025
  **** Start of session at: Fri Nov  7 15:32:31 2025
    ** Copyright 1986-2022 Xilinx, Inc. All Rights Reserved.
    ** Copyright 2022-2025 Advanced Micro Devices, Inc. All Rights Reserved.

source DoubleDabbleTop.tcl -notrace
create_project: Time (s): cpu = 00:00:05 ; elapsed = 00:00:06 . Memory (MB): peak = 525.711 ; gain = 214.270
Command: link_design -top DoubleDabbleTop -part xc7s50csga324-1
Design is defaulting to srcset: sources_1
Design is defaulting to constrset: constrs_1
INFO: [Device 21-403] Loading part xc7s50csga324-1
Netlist sorting complete. Time (s): cpu = 00:00:00 ; elapsed = 00:00:00.001 . Memory (MB): peak = 707.203 ; gain = 0.000
INFO: [Project 1-479] Netlist was created with Vivado 2025.1.1
INFO: [Project 1-570] Preparing netlist for logic optimization
Parsing XDC File [C:/Users/cmworkma/Downloads/GCD.xpr/GCD/GCD.srcs/constrs_1/new/GCD_constraint.xdc]
WARNING: [Vivado 12-584] No ports matched 'B[0]'. [C:/Users/cmworkma/Downloads/GCD.xpr/GCD/GCD.srcs/constrs_1/new/GCD_constraint.xdc:18]
CRITICAL WARNING: [Common 17-55] 'set_property' expects at least one object. [C:/Users/cmworkma/Downloads/GCD.xpr/GCD/GCD.srcs/constrs_1/new/GCD_constraint.xdc:18]
Resolution: If [get_<value>] was used to populate the object, check to make sure this command returns at least one valid object.
WARNING: [Vivado 12-584] No ports matched 'B[1]'. [C:/Users/cmworkma/Downloads/GCD.xpr/GCD/GCD.srcs/constrs_1/new/GCD_constraint.xdc:19]
CRITICAL WARNING: [Common 17-55] 'set_property' expects at least one object. [C:/Users/cmworkma/Downloads/GCD.xpr/GCD/GCD.srcs/constrs_1/new/GCD_constraint.xdc:19]
Resolution: If [get_<value>] was used to populate the object, check to make sure this command returns at least one valid object.
WARNING: [Vivado 12-584] No ports matched 'B[2]'. [C:/Users/cmworkma/Downloads/GCD.xpr/GCD/GCD.srcs/constrs_1/new/GCD_constraint.xdc:20]
CRITICAL WARNING: [Common 17-55] 'set_property' expects at least one object. [C:/Users/cmworkma/Downloads/GCD.xpr/GCD/GCD.srcs/constrs_1/new/GCD_constraint.xdc:20]
Resolution: If [get_<value>] was used to populate the object, check to make sure this command returns at least one valid object.
WARNING: [Vivado 12-584] No ports matched 'B[3]'. [C:/Users/cmworkma/Downloads/GCD.xpr/GCD/GCD.srcs/constrs_1/new/GCD_constraint.xdc:21]
CRITICAL WARNING: [Common 17-55] 'set_property' expects at least one object. [C:/Users/cmworkma/Downloads/GCD.xpr/GCD/GCD.srcs/constrs_1/new/GCD_constraint.xdc:21]
Resolution: If [get_<value>] was used to populate the object, check to make sure this command returns at least one valid object.
WARNING: [Vivado 12-584] No ports matched 'B[4]'. [C:/Users/cmworkma/Downloads/GCD.xpr/GCD/GCD.srcs/constrs_1/new/GCD_constraint.xdc:22]
CRITICAL WARNING: [Common 17-55] 'set_property' expects at least one object. [C:/Users/cmworkma/Downloads/GCD.xpr/GCD/GCD.srcs/constrs_1/new/GCD_constraint.xdc:22]
Resolution: If [get_<value>] was used to populate the object, check to make sure this command returns at least one valid object.
WARNING: [Vivado 12-584] No ports matched 'B[5]'. [C:/Users/cmworkma/Downloads/GCD.xpr/GCD/GCD.srcs/constrs_1/new/GCD_constraint.xdc:23]
CRITICAL WARNING: [Common 17-55] 'set_property' expects at least one object. [C:/Users/cmworkma/Downloads/GCD.xpr/GCD/GCD.srcs/constrs_1/new/GCD_constraint.xdc:23]
Resolution: If [get_<value>] was used to populate the object, check to make sure this command returns at least one valid object.
WARNING: [Vivado 12-584] No ports matched 'B[6]'. [C:/Users/cmworkma/Downloads/GCD.xpr/GCD/GCD.srcs/constrs_1/new/GCD_constraint.xdc:24]
CRITICAL WARNING: [Common 17-55] 'set_property' expects at least one object. [C:/Users/cmworkma/Downloads/GCD.xpr/GCD/GCD.srcs/constrs_1/new/GCD_constraint.xdc:24]
Resolution: If [get_<value>] was used to populate the object, check to make sure this command returns at least one valid object.
WARNING: [Vivado 12-584] No ports matched 'B[7]'. [C:/Users/cmworkma/Downloads/GCD.xpr/GCD/GCD.srcs/constrs_1/new/GCD_constraint.xdc:25]
CRITICAL WARNING: [Common 17-55] 'set_property' expects at least one object. [C:/Users/cmworkma/Downloads/GCD.xpr/GCD/GCD.srcs/constrs_1/new/GCD_constraint.xdc:25]
Resolution: If [get_<value>] was used to populate the object, check to make sure this command returns at least one valid object.
WARNING: [Vivado 12-584] No ports matched 'Disp_en[0]'. [C:/Users/cmworkma/Downloads/GCD.xpr/GCD/GCD.srcs/constrs_1/new/GCD_constraint.xdc:74]
CRITICAL WARNING: [Common 17-55] 'set_property' expects at least one object. [C:/Users/cmworkma/Downloads/GCD.xpr/GCD/GCD.srcs/constrs_1/new/GCD_constraint.xdc:74]
Resolution: If [get_<value>] was used to populate the object, check to make sure this command returns at least one valid object.
WARNING: [Vivado 12-584] No ports matched 'Disp_en[1]'. [C:/Users/cmworkma/Downloads/GCD.xpr/GCD/GCD.srcs/constrs_1/new/GCD_constraint.xdc:75]
CRITICAL WARNING: [Common 17-55] 'set_property' expects at least one object. [C:/Users/cmworkma/Downloads/GCD.xpr/GCD/GCD.srcs/constrs_1/new/GCD_constraint.xdc:75]
Resolution: If [get_<value>] was used to populate the object, check to make sure this command returns at least one valid object.
WARNING: [Vivado 12-584] No ports matched 'Disp_en[2]'. [C:/Users/cmworkma/Downloads/GCD.xpr/GCD/GCD.srcs/constrs_1/new/GCD_constraint.xdc:76]
CRITICAL WARNING: [Common 17-55] 'set_property' expects at least one object. [C:/Users/cmworkma/Downloads/GCD.xpr/GCD/GCD.srcs/constrs_1/new/GCD_constraint.xdc:76]
Resolution: If [get_<value>] was used to populate the object, check to make sure this command returns at least one valid object.
WARNING: [Vivado 12-584] No ports matched 'Disp_en[3]'. [C:/Users/cmworkma/Downloads/GCD.xpr/GCD/GCD.srcs/constrs_1/new/GCD_constraint.xdc:77]
CRITICAL WARNING: [Common 17-55] 'set_property' expects at least one object. [C:/Users/cmworkma/Downloads/GCD.xpr/GCD/GCD.srcs/constrs_1/new/GCD_constraint.xdc:77]
Resolution: If [get_<value>] was used to populate the object, check to make sure this command returns at least one valid object.
WARNING: [Vivado 12-584] No ports matched 'Dis[0]'. [C:/Users/cmworkma/Downloads/GCD.xpr/GCD/GCD.srcs/constrs_1/new/GCD_constraint.xdc:78]
CRITICAL WARNING: [Common 17-55] 'set_property' expects at least one object. [C:/Users/cmworkma/Downloads/GCD.xpr/GCD/GCD.srcs/constrs_1/new/GCD_constraint.xdc:78]
Resolution: If [get_<value>] was used to populate the object, check to make sure this command returns at least one valid object.
WARNING: [Vivado 12-584] No ports matched 'Dis[1]'. [C:/Users/cmworkma/Downloads/GCD.xpr/GCD/GCD.srcs/constrs_1/new/GCD_constraint.xdc:79]
CRITICAL WARNING: [Common 17-55] 'set_property' expects at least one object. [C:/Users/cmworkma/Downloads/GCD.xpr/GCD/GCD.srcs/constrs_1/new/GCD_constraint.xdc:79]
Resolution: If [get_<value>] was used to populate the object, check to make sure this command returns at least one valid object.
WARNING: [Vivado 12-584] No ports matched 'Dis[2]'. [C:/Users/cmworkma/Downloads/GCD.xpr/GCD/GCD.srcs/constrs_1/new/GCD_constraint.xdc:80]
CRITICAL WARNING: [Common 17-55] 'set_property' expects at least one object. [C:/Users/cmworkma/Downloads/GCD.xpr/GCD/GCD.srcs/constrs_1/new/GCD_constraint.xdc:80]
Resolution: If [get_<value>] was used to populate the object, check to make sure this command returns at least one valid object.
WARNING: [Vivado 12-584] No ports matched 'Dis[3]'. [C:/Users/cmworkma/Downloads/GCD.xpr/GCD/GCD.srcs/constrs_1/new/GCD_constraint.xdc:81]
CRITICAL WARNING: [Common 17-55] 'set_property' expects at least one object. [C:/Users/cmworkma/Downloads/GCD.xpr/GCD/GCD.srcs/constrs_1/new/GCD_constraint.xdc:81]
Resolution: If [get_<value>] was used to populate the object, check to make sure this command returns at least one valid object.
WARNING: [Vivado 12-584] No ports matched 'Dis[4]'. [C:/Users/cmworkma/Downloads/GCD.xpr/GCD/GCD.srcs/constrs_1/new/GCD_constraint.xdc:82]
CRITICAL WARNING: [Common 17-55] 'set_property' expects at least one object. [C:/Users/cmworkma/Downloads/GCD.xpr/GCD/GCD.srcs/constrs_1/new/GCD_constraint.xdc:82]
Resolution: If [get_<value>] was used to populate the object, check to make sure this command returns at least one valid object.
WARNING: [Vivado 12-584] No ports matched 'Dis[5]'. [C:/Users/cmworkma/Downloads/GCD.xpr/GCD/GCD.srcs/constrs_1/new/GCD_constraint.xdc:83]
CRITICAL WARNING: [Common 17-55] 'set_property' expects at least one object. [C:/Users/cmworkma/Downloads/GCD.xpr/GCD/GCD.srcs/constrs_1/new/GCD_constraint.xdc:83]
Resolution: If [get_<value>] was used to populate the object, check to make sure this command returns at least one valid object.
WARNING: [Vivado 12-584] No ports matched 'Dis[6]'. [C:/Users/cmworkma/Downloads/GCD.xpr/GCD/GCD.srcs/constrs_1/new/GCD_constraint.xdc:84]
CRITICAL WARNING: [Common 17-55] 'set_property' expects at least one object. [C:/Users/cmworkma/Downloads/GCD.xpr/GCD/GCD.srcs/constrs_1/new/GCD_constraint.xdc:84]
Resolution: If [get_<value>] was used to populate the object, check to make sure this command returns at least one valid object.
Finished Parsing XDC File [C:/Users/cmworkma/Downloads/GCD.xpr/GCD/GCD.srcs/constrs_1/new/GCD_constraint.xdc]
INFO: [Opt 31-138] Pushed 0 inverter(s) to 0 load pin(s).
Netlist sorting complete. Time (s): cpu = 00:00:00 ; elapsed = 00:00:00.001 . Memory (MB): peak = 829.230 ; gain = 0.000
INFO: [Project 1-111] Unisim Transformation Summary:
No Unisim elements were transformed.

5 Infos, 19 Warnings, 19 Critical Warnings and 0 Errors encountered.
link_design completed successfully
Command: opt_design
Attempting to get a license for feature 'Implementation' and/or device 'xc7s50'
INFO: [Common 17-349] Got license for feature 'Implementation' and/or device 'xc7s50'
Running DRC as a precondition to command opt_design

Starting DRC Task
INFO: [DRC 23-27] Running DRC with 2 threads
INFO: [Project 1-461] DRC finished with 0 Errors
INFO: [Project 1-462] Please refer to the DRC report (report_drc) for more information.

Time (s): cpu = 00:00:01 ; elapsed = 00:00:01 . Memory (MB): peak = 872.867 ; gain = 39.652

Starting Cache Timing Information Task
INFO: [Timing 38-35] Done setting XDC timing constraints.
Ending Cache Timing Information Task | Checksum: 26d44baf7

Time (s): cpu = 00:00:04 ; elapsed = 00:00:05 . Memory (MB): peak = 1315.316 ; gain = 442.449

Starting Logic Optimization Task

Phase 1 Initialization

Phase 1.1 Core Generation And Design Setup
Phase 1.1 Core Generation And Design Setup | Checksum: 26d44baf7

Time (s): cpu = 00:00:00 ; elapsed = 00:00:00.003 . Memory (MB): peak = 1738.594 ; gain = 0.000

Phase 1.2 Setup Constraints And Sort Netlist
Phase 1.2 Setup Constraints And Sort Netlist | Checksum: 26d44baf7

Time (s): cpu = 00:00:00 ; elapsed = 00:00:00.007 . Memory (MB): peak = 1738.594 ; gain = 0.000
Phase 1 Initialization | Checksum: 26d44baf7

Time (s): cpu = 00:00:00 ; elapsed = 00:00:00.008 . Memory (MB): peak = 1738.594 ; gain = 0.000

Phase 2 Timer Update And Timing Data Collection

Phase 2.1 Timer Update
Phase 2.1 Timer Update | Checksum: 26d44baf7

Time (s): cpu = 00:00:00 ; elapsed = 00:00:00.020 . Memory (MB): peak = 1738.594 ; gain = 0.000

Phase 2.2 Timing Data Collection
Phase 2.2 Timing Data Collection | Checksum: 26d44baf7

Time (s): cpu = 00:00:00 ; elapsed = 00:00:00.037 . Memory (MB): peak = 1738.594 ; gain = 0.000
Phase 2 Timer Update And Timing Data Collection | Checksum: 26d44baf7

Time (s): cpu = 00:00:00 ; elapsed = 00:00:00.038 . Memory (MB): peak = 1738.594 ; gain = 0.000

Phase 3 Retarget
INFO: [Opt 31-1851] Number of loadless carry chains removed were: 0
INFO: [Opt 31-1834] Total Chains To Be Transformed Were: 0 AND Number of Transformed insts Created are: 0
INFO: [Opt 31-138] Pushed 0 inverter(s) to 0 load pin(s).
INFO: [Opt 31-49] Retargeted 0 cell(s).
Phase 3 Retarget | Checksum: 26d44baf7

Time (s): cpu = 00:00:00 ; elapsed = 00:00:00.058 . Memory (MB): peak = 1738.594 ; gain = 0.000
Retarget | Checksum: 26d44baf7
INFO: [Opt 31-389] Phase Retarget created 0 cells and removed 0 cells

Phase 4 Constant propagation
INFO: [Opt 31-138] Pushed 0 inverter(s) to 0 load pin(s).
Phase 4 Constant propagation | Checksum: 26d44baf7

Time (s): cpu = 00:00:00 ; elapsed = 00:00:00.061 . Memory (MB): peak = 1738.594 ; gain = 0.000
Constant propagation | Checksum: 26d44baf7
INFO: [Opt 31-389] Phase Constant propagation created 0 cells and removed 0 cells

Phase 5 Sweep
INFO: [Constraints 18-11670] Building netlist checker database with flags, 0x8
Done building netlist checker database: Time (s): cpu = 00:00:00 ; elapsed = 00:00:00 . Memory (MB): peak = 1738.594 ; gain = 0.000
Phase 5 Sweep | Checksum: 26d44baf7

Time (s): cpu = 00:00:00 ; elapsed = 00:00:00.067 . Memory (MB): peak = 1738.594 ; gain = 0.000
Sweep | Checksum: 26d44baf7
INFO: [Opt 31-389] Phase Sweep created 0 cells and removed 0 cells

Phase 6 BUFG optimization
Phase 6 BUFG optimization | Checksum: 26d44baf7

Time (s): cpu = 00:00:00 ; elapsed = 00:00:00.081 . Memory (MB): peak = 1738.594 ; gain = 0.000
BUFG optimization | Checksum: 26d44baf7
INFO: [Opt 31-662] Phase BUFG optimization created 0 cells of which 0 are BUFGs and removed 0 cells.

Phase 7 Shift Register Optimization
INFO: [Opt 31-1064] SRL Remap converted 0 SRLs to 0 registers and converted 0 registers of register chains to 0 SRLs
Phase 7 Shift Register Optimization | Checksum: 26d44baf7

Time (s): cpu = 00:00:00 ; elapsed = 00:00:00.083 . Memory (MB): peak = 1738.594 ; gain = 0.000
Shift Register Optimization | Checksum: 26d44baf7
INFO: [Opt 31-389] Phase Shift Register Optimization created 0 cells and removed 0 cells

Phase 8 Post Processing Netlist
Phase 8 Post Processing Netlist | Checksum: 26d44baf7

Time (s): cpu = 00:00:00 ; elapsed = 00:00:00.084 . Memory (MB): peak = 1738.594 ; gain = 0.000
Post Processing Netlist | Checksum: 26d44baf7
INFO: [Opt 31-389] Phase Post Processing Netlist created 0 cells and removed 0 cells

Phase 9 Finalization

Phase 9.1 Finalizing Design Cores and Updating Shapes
Phase 9.1 Finalizing Design Cores and Updating Shapes | Checksum: 26d44baf7

Time (s): cpu = 00:00:00 ; elapsed = 00:00:00.086 . Memory (MB): peak = 1738.594 ; gain = 0.000

Phase 9.2 Verifying Netlist Connectivity

Starting Connectivity Check Task

Time (s): cpu = 00:00:00 ; elapsed = 00:00:00.015 . Memory (MB): peak = 1738.594 ; gain = 0.000
Phase 9.2 Verifying Netlist Connectivity | Checksum: 26d44baf7

Time (s): cpu = 00:00:00 ; elapsed = 00:00:00.102 . Memory (MB): peak = 1738.594 ; gain = 0.000
Phase 9 Finalization | Checksum: 26d44baf7

Time (s): cpu = 00:00:00 ; elapsed = 00:00:00.102 . Memory (MB): peak = 1738.594 ; gain = 0.000
Opt_design Change Summary
=========================


-------------------------------------------------------------------------------------------------------------------------
|  Phase                        |  #Cells created  |  #Cells Removed  |  #Constrained objects preventing optimizations  |
-------------------------------------------------------------------------------------------------------------------------
|  Retarget                     |               0  |               0  |                                              0  |
|  Constant propagation         |               0  |               0  |                                              0  |
|  Sweep                        |               0  |               0  |                                              0  |
|  BUFG optimization            |               0  |               0  |                                              0  |
|  Shift Register Optimization  |               0  |               0  |                                              0  |
|  Post Processing Netlist      |               0  |               0  |                                              0  |
-------------------------------------------------------------------------------------------------------------------------


Ending Logic Optimization Task | Checksum: 26d44baf7

Time (s): cpu = 00:00:00 ; elapsed = 00:00:00.104 . Memory (MB): peak = 1738.594 ; gain = 0.000

Starting Power Optimization Task
INFO: [Pwropt 34-132] Skipping clock gating for clocks with a period < 2.00 ns.
Ending Power Optimization Task | Checksum: 26d44baf7

Time (s): cpu = 00:00:00 ; elapsed = 00:00:00.035 . Memory (MB): peak = 1738.594 ; gain = 0.000

Starting Final Cleanup Task
Ending Final Cleanup Task | Checksum: 26d44baf7

Time (s): cpu = 00:00:00 ; elapsed = 00:00:00.001 . Memory (MB): peak = 1738.594 ; gain = 0.000

Starting Netlist Obfuscation Task
Netlist sorting complete. Time (s): cpu = 00:00:00 ; elapsed = 00:00:00 . Memory (MB): peak = 1738.594 ; gain = 0.000
Ending Netlist Obfuscation Task | Checksum: 26d44baf7

Time (s): cpu = 00:00:00 ; elapsed = 00:00:00 . Memory (MB): peak = 1738.594 ; gain = 0.000
INFO: [Common 17-83] Releasing license: Implementation
25 Infos, 19 Warnings, 19 Critical Warnings and 0 Errors encountered.
opt_design completed successfully
opt_design: Time (s): cpu = 00:00:08 ; elapsed = 00:00:09 . Memory (MB): peak = 1738.594 ; gain = 905.379
INFO: [Vivado 12-24828] Executing command : report_drc -file DoubleDabbleTop_drc_opted.rpt -pb DoubleDabbleTop_drc_opted.pb -rpx DoubleDabbleTop_drc_opted.rpx
Command: report_drc -file DoubleDabbleTop_drc_opted.rpt -pb DoubleDabbleTop_drc_opted.pb -rpx DoubleDabbleTop_drc_opted.rpx
INFO: [IP_Flow 19-234] Refreshing IP repositories
INFO: [IP_Flow 19-1704] No user IP repositories specified
INFO: [IP_Flow 19-2313] Loaded Vivado IP repository 'C:/Xilinx/2025.1.1/Vivado/data/ip'.
INFO: [DRC 23-27] Running DRC with 2 threads
INFO: [Vivado_Tcl 2-168] The results of DRC are in file C:/Users/cmworkma/Downloads/GCD.xpr/GCD/GCD.runs/impl_1/DoubleDabbleTop_drc_opted.rpt.
report_drc completed successfully
INFO: [Timing 38-480] Writing timing data to binary archive.
Write ShapeDB Complete: Time (s): cpu = 00:00:00 ; elapsed = 00:00:00.002 . Memory (MB): peak = 1738.594 ; gain = 0.000
Wrote PlaceDB: Time (s): cpu = 00:00:00 ; elapsed = 00:00:00.001 . Memory (MB): peak = 1738.594 ; gain = 0.000
Wrote PulsedLatchDB: Time (s): cpu = 00:00:00 ; elapsed = 00:00:00.001 . Memory (MB): peak = 1738.594 ; gain = 0.000
Writing XDEF routing.
Writing XDEF routing logical nets.
Writing XDEF routing special nets.
Wrote RouteStorage: Time (s): cpu = 00:00:00 ; elapsed = 00:00:00.011 . Memory (MB): peak = 1738.594 ; gain = 0.000
Wrote Netlist Cache: Time (s): cpu = 00:00:00 ; elapsed = 00:00:00 . Memory (MB): peak = 1738.594 ; gain = 0.000
Wrote Device Cache: Time (s): cpu = 00:00:00 ; elapsed = 00:00:00.004 . Memory (MB): peak = 1738.594 ; gain = 0.000
Write Physdb Complete: Time (s): cpu = 00:00:00 ; elapsed = 00:00:00.026 . Memory (MB): peak = 1738.594 ; gain = 0.000
INFO: [Common 17-1381] The checkpoint 'C:/Users/cmworkma/Downloads/GCD.xpr/GCD/GCD.runs/impl_1/DoubleDabbleTop_opt.dcp' has been generated.
Command: place_design
Attempting to get a license for feature 'Implementation' and/or device 'xc7s50'
INFO: [Common 17-349] Got license for feature 'Implementation' and/or device 'xc7s50'
INFO: [Common 17-83] Releasing license: Implementation
INFO: [DRC 23-27] Running DRC with 2 threads
INFO: [Vivado_Tcl 4-198] DRC finished with 0 Errors
INFO: [Vivado_Tcl 4-199] Please refer to the DRC report (report_drc) for more information.
Running DRC as a precondition to command place_design
INFO: [DRC 23-27] Running DRC with 2 threads
INFO: [Vivado_Tcl 4-198] DRC finished with 0 Errors
INFO: [Vivado_Tcl 4-199] Please refer to the DRC report (report_drc) for more information.
INFO: [Place 30-611] Multithreading enabled for place_design using a maximum of 2 CPUs

Starting Placer Task

Phase 1 Placer Initialization

Phase 1.1 Placer Initialization Netlist Sorting
Netlist sorting complete. Time (s): cpu = 00:00:00 ; elapsed = 00:00:00 . Memory (MB): peak = 1738.594 ; gain = 0.000
Phase 1.1 Placer Initialization Netlist Sorting | Checksum: 1a96880cd

Time (s): cpu = 00:00:00 ; elapsed = 00:00:00.008 . Memory (MB): peak = 1738.594 ; gain = 0.000
Netlist sorting complete. Time (s): cpu = 00:00:00 ; elapsed = 00:00:00 . Memory (MB): peak = 1738.594 ; gain = 0.000

Phase 1.2 IO Placement/ Clock Placement/ Build Placer Device
INFO: [Timing 38-35] Done setting XDC timing constraints.
Phase 1.2 IO Placement/ Clock Placement/ Build Placer Device | Checksum: 231f4d5d6

Time (s): cpu = 00:00:00 ; elapsed = 00:00:00.215 . Memory (MB): peak = 1738.594 ; gain = 0.000

Phase 1.3 Build Placer Netlist Model
Phase 1.3 Build Placer Netlist Model | Checksum: 302e1b912

Time (s): cpu = 00:00:00 ; elapsed = 00:00:00.266 . Memory (MB): peak = 1738.594 ; gain = 0.000

Phase 1.4 Constrain Clocks/Macros
Phase 1.4 Constrain Clocks/Macros | Checksum: 302e1b912

Time (s): cpu = 00:00:00 ; elapsed = 00:00:00.273 . Memory (MB): peak = 1738.594 ; gain = 0.000
Phase 1 Placer Initialization | Checksum: 302e1b912

Time (s): cpu = 00:00:00 ; elapsed = 00:00:00.288 . Memory (MB): peak = 1738.594 ; gain = 0.000

Phase 2 Global Placement

Phase 2.1 Floorplanning
Phase 2.1 Floorplanning | Checksum: 302e1b912

Time (s): cpu = 00:00:00 ; elapsed = 00:00:00.310 . Memory (MB): peak = 1738.594 ; gain = 0.000

Phase 2.2 Update Timing before SLR Path Opt
Phase 2.2 Update Timing before SLR Path Opt | Checksum: 302e1b912

Time (s): cpu = 00:00:00 ; elapsed = 00:00:00.312 . Memory (MB): peak = 1738.594 ; gain = 0.000

Phase 2.3 Post-Processing in Floorplanning
Phase 2.3 Post-Processing in Floorplanning | Checksum: 302e1b912

Time (s): cpu = 00:00:00 ; elapsed = 00:00:00.313 . Memory (MB): peak = 1738.594 ; gain = 0.000

Phase 2.4 Global Place Phase1
Phase 2.4 Global Place Phase1 | Checksum: 32de9e453

Time (s): cpu = 00:00:00 ; elapsed = 00:00:00.396 . Memory (MB): peak = 1738.594 ; gain = 0.000

Phase 2.5 Global Place Phase2
WARNING: [Place 46-29] Timing had been disabled during Placer and, therefore, physical synthesis in Placer will be skipped.
Phase 2.5 Global Place Phase2 | Checksum: 23af8a188

Time (s): cpu = 00:00:00 ; elapsed = 00:00:00.445 . Memory (MB): peak = 1738.594 ; gain = 0.000
Phase 2 Global Placement | Checksum: 23af8a188

Time (s): cpu = 00:00:00 ; elapsed = 00:00:00.450 . Memory (MB): peak = 1738.594 ; gain = 0.000

Phase 3 Detail Placement

Phase 3.1 Commit Multi Column Macros
Phase 3.1 Commit Multi Column Macros | Checksum: 23af8a188

Time (s): cpu = 00:00:00 ; elapsed = 00:00:00.454 . Memory (MB): peak = 1738.594 ; gain = 0.000

Phase 3.2 Commit Most Macros & LUTRAMs
Phase 3.2 Commit Most Macros & LUTRAMs | Checksum: 27e1a06a8

Time (s): cpu = 00:00:00 ; elapsed = 00:00:00.464 . Memory (MB): peak = 1738.594 ; gain = 0.000

Phase 3.3 Area Swap Optimization
Phase 3.3 Area Swap Optimization | Checksum: 2ec376ca0

Time (s): cpu = 00:00:00 ; elapsed = 00:00:00.469 . Memory (MB): peak = 1738.594 ; gain = 0.000

Phase 3.4 Pipeline Register Optimization
Phase 3.4 Pipeline Register Optimization | Checksum: 2ec376ca0

Time (s): cpu = 00:00:00 ; elapsed = 00:00:00.471 . Memory (MB): peak = 1738.594 ; gain = 0.000

Phase 3.5 Small Shape Detail Placement
Phase 3.5 Small Shape Detail Placement | Checksum: 216bc6f6f

Time (s): cpu = 00:00:00 ; elapsed = 00:00:00.544 . Memory (MB): peak = 1738.594 ; gain = 0.000

Phase 3.6 Re-assign LUT pins
Phase 3.6 Re-assign LUT pins | Checksum: 216bc6f6f

Time (s): cpu = 00:00:00 ; elapsed = 00:00:00.547 . Memory (MB): peak = 1738.594 ; gain = 0.000

Phase 3.7 Pipeline Register Optimization
Phase 3.7 Pipeline Register Optimization | Checksum: 216bc6f6f

Time (s): cpu = 00:00:00 ; elapsed = 00:00:00.549 . Memory (MB): peak = 1738.594 ; gain = 0.000
Phase 3 Detail Placement | Checksum: 216bc6f6f

Time (s): cpu = 00:00:00 ; elapsed = 00:00:00.550 . Memory (MB): peak = 1738.594 ; gain = 0.000

Phase 4 Post Placement Optimization and Clean-Up

Phase 4.1 Post Commit Optimization
Phase 4.1 Post Commit Optimization | Checksum: 216bc6f6f

Time (s): cpu = 00:00:00 ; elapsed = 00:00:00.569 . Memory (MB): peak = 1738.594 ; gain = 0.000

Phase 4.2 Post Placement Cleanup
Phase 4.2 Post Placement Cleanup | Checksum: 216bc6f6f

Time (s): cpu = 00:00:00 ; elapsed = 00:00:00.574 . Memory (MB): peak = 1738.594 ; gain = 0.000

Phase 4.3 Placer Reporting

Phase 4.3.1 Print Estimated Congestion
INFO: [Place 30-612] Post-Placement Estimated Congestion 
 ____________________________________________________
|           | Global Congestion | Short Congestion  |
| Direction | Region Size       | Region Size       |
|___________|___________________|___________________|
|      North|                1x1|                1x1|
|___________|___________________|___________________|
|      South|                1x1|                1x1|
|___________|___________________|___________________|
|       East|                1x1|                1x1|
|___________|___________________|___________________|
|       West|                1x1|                1x1|
|___________|___________________|___________________|

Phase 4.3.1 Print Estimated Congestion | Checksum: 216bc6f6f

Time (s): cpu = 00:00:00 ; elapsed = 00:00:00.576 . Memory (MB): peak = 1738.594 ; gain = 0.000
Phase 4.3 Placer Reporting | Checksum: 216bc6f6f

Time (s): cpu = 00:00:00 ; elapsed = 00:00:00.576 . Memory (MB): peak = 1738.594 ; gain = 0.000

Phase 4.4 Final Placement Cleanup
Netlist sorting complete. Time (s): cpu = 00:00:00 ; elapsed = 00:00:00 . Memory (MB): peak = 1738.594 ; gain = 0.000

Time (s): cpu = 00:00:00 ; elapsed = 00:00:00.578 . Memory (MB): peak = 1738.594 ; gain = 0.000
Phase 4 Post Placement Optimization and Clean-Up | Checksum: 1ebb323ca

Time (s): cpu = 00:00:00 ; elapsed = 00:00:00.579 . Memory (MB): peak = 1738.594 ; gain = 0.000
Ending Placer Task | Checksum: 1a729f751

Time (s): cpu = 00:00:00 ; elapsed = 00:00:00.580 . Memory (MB): peak = 1738.594 ; gain = 0.000
44 Infos, 20 Warnings, 19 Critical Warnings and 0 Errors encountered.
place_design completed successfully
INFO: [Vivado 12-24838] Running report commands "report_control_sets, report_io, report_utilization" in parallel.
Running report generation with 2 threads.
INFO: [Vivado 12-24828] Executing command : report_utilization -file DoubleDabbleTop_utilization_placed.rpt -pb DoubleDabbleTop_utilization_placed.pb
INFO: [Vivado 12-24828] Executing command : report_control_sets -verbose -file DoubleDabbleTop_control_sets_placed.rpt
report_control_sets: Time (s): cpu = 00:00:00 ; elapsed = 00:00:00.003 . Memory (MB): peak = 1738.594 ; gain = 0.000
INFO: [Vivado 12-24828] Executing command : report_io -file DoubleDabbleTop_io_placed.rpt
report_io: Time (s): cpu = 00:00:01 ; elapsed = 00:00:00.044 . Memory (MB): peak = 1738.594 ; gain = 0.000
INFO: [Timing 38-480] Writing timing data to binary archive.
Write ShapeDB Complete: Time (s): cpu = 00:00:00 ; elapsed = 00:00:00.003 . Memory (MB): peak = 1738.594 ; gain = 0.000
Wrote PlaceDB: Time (s): cpu = 00:00:00 ; elapsed = 00:00:00.003 . Memory (MB): peak = 1738.594 ; gain = 0.000
Wrote PulsedLatchDB: Time (s): cpu = 00:00:00 ; elapsed = 00:00:00 . Memory (MB): peak = 1738.594 ; gain = 0.000
Writing XDEF routing.
Writing XDEF routing logical nets.
Writing XDEF routing special nets.
Wrote RouteStorage: Time (s): cpu = 00:00:00 ; elapsed = 00:00:00.011 . Memory (MB): peak = 1738.594 ; gain = 0.000
Wrote Netlist Cache: Time (s): cpu = 00:00:00 ; elapsed = 00:00:00 . Memory (MB): peak = 1738.594 ; gain = 0.000
Wrote Device Cache: Time (s): cpu = 00:00:00 ; elapsed = 00:00:00.005 . Memory (MB): peak = 1738.594 ; gain = 0.000
Write Physdb Complete: Time (s): cpu = 00:00:00 ; elapsed = 00:00:00.027 . Memory (MB): peak = 1738.594 ; gain = 0.000
INFO: [Common 17-1381] The checkpoint 'C:/Users/cmworkma/Downloads/GCD.xpr/GCD/GCD.runs/impl_1/DoubleDabbleTop_placed.dcp' has been generated.
Command: phys_opt_design
Attempting to get a license for feature 'Implementation' and/or device 'xc7s50'
INFO: [Common 17-349] Got license for feature 'Implementation' and/or device 'xc7s50'

Starting Initial Update Timing Task

Time (s): cpu = 00:00:00 ; elapsed = 00:00:00.021 . Memory (MB): peak = 1739.027 ; gain = 0.434
INFO: [Vivado_Tcl 4-235] No timing constraint found. The netlist was not modified.
INFO: [Common 17-83] Releasing license: Implementation
53 Infos, 20 Warnings, 19 Critical Warnings and 0 Errors encountered.
phys_opt_design completed successfully
Write ShapeDB Complete: Time (s): cpu = 00:00:00 ; elapsed = 00:00:00.002 . Memory (MB): peak = 1756.910 ; gain = 0.035
INFO: [Timing 38-480] Writing timing data to binary archive.
Wrote PlaceDB: Time (s): cpu = 00:00:00 ; elapsed = 00:00:00.003 . Memory (MB): peak = 1756.910 ; gain = 0.000
Wrote PulsedLatchDB: Time (s): cpu = 00:00:00 ; elapsed = 00:00:00 . Memory (MB): peak = 1756.910 ; gain = 0.000
Writing XDEF routing.
Writing XDEF routing logical nets.
Writing XDEF routing special nets.
Wrote RouteStorage: Time (s): cpu = 00:00:00 ; elapsed = 00:00:00.012 . Memory (MB): peak = 1756.910 ; gain = 0.000
Wrote Netlist Cache: Time (s): cpu = 00:00:00 ; elapsed = 00:00:00.001 . Memory (MB): peak = 1756.910 ; gain = 0.000
Wrote Device Cache: Time (s): cpu = 00:00:00 ; elapsed = 00:00:00.005 . Memory (MB): peak = 1756.910 ; gain = 0.000
Write Physdb Complete: Time (s): cpu = 00:00:00 ; elapsed = 00:00:00.028 . Memory (MB): peak = 1756.910 ; gain = 0.000
INFO: [Common 17-1381] The checkpoint 'C:/Users/cmworkma/Downloads/GCD.xpr/GCD/GCD.runs/impl_1/DoubleDabbleTop_physopt.dcp' has been generated.
Command: route_design
Attempting to get a license for feature 'Implementation' and/or device 'xc7s50'
INFO: [Common 17-349] Got license for feature 'Implementation' and/or device 'xc7s50'


Starting Routing Task
INFO: [Route 35-254] Multithreading enabled for route_design using a maximum of 2 CPUs

Phase 1 Build RT Design
Checksum: PlaceDB: 98c1882d ConstDB: 0 ShapeSum: 63d73bee RouteDB: aa913336
Post Restoration Checksum: NetGraph: 8a23a1ba | NumContArr: a5a0b17f | Constraints: c2a8fa9d | Timing: c2a8fa9d
Phase 1 Build RT Design | Checksum: 2b5164873

Time (s): cpu = 00:00:16 ; elapsed = 00:00:16 . Memory (MB): peak = 1836.832 ; gain = 79.922

Phase 2 Router Initialization
INFO: [Route 35-64] No timing constraints were detected. The router will operate in resource-optimization mode.

Phase 2.1 Fix Topology Constraints
Phase 2.1 Fix Topology Constraints | Checksum: 2b5164873

Time (s): cpu = 00:00:16 ; elapsed = 00:00:16 . Memory (MB): peak = 1842.867 ; gain = 85.957

Phase 2.2 Pre Route Cleanup
Phase 2.2 Pre Route Cleanup | Checksum: 2b5164873

Time (s): cpu = 00:00:16 ; elapsed = 00:00:16 . Memory (MB): peak = 1842.867 ; gain = 85.957
 Number of Nodes with overlaps = 0

Router Utilization Summary
  Global Vertical Routing Utilization    = 0 %
  Global Horizontal Routing Utilization  = 0 %
  Routable Net Status*
  *Does not include unroutable nets such as driverless and loadless.
  Run report_route_status for detailed report.
  Number of Failed Nets               = 42
    (Failed Nets is the sum of unrouted and partially routed nets)
  Number of Unrouted Nets             = 42
  Number of Partially Routed Nets     = 0
  Number of Node Overlaps             = 0

Phase 2 Router Initialization | Checksum: 342bf2b33

Time (s): cpu = 00:00:17 ; elapsed = 00:00:16 . Memory (MB): peak = 1859.762 ; gain = 102.852

Phase 3 Global Routing
Phase 3 Global Routing | Checksum: 342bf2b33

Time (s): cpu = 00:00:17 ; elapsed = 00:00:16 . Memory (MB): peak = 1859.762 ; gain = 102.852

Phase 4 Initial Routing

Phase 4.1 Initial Net Routing Pass
Phase 4.1 Initial Net Routing Pass | Checksum: 25eded7d6

Time (s): cpu = 00:00:17 ; elapsed = 00:00:16 . Memory (MB): peak = 1859.762 ; gain = 102.852
Phase 4 Initial Routing | Checksum: 25eded7d6

Time (s): cpu = 00:00:17 ; elapsed = 00:00:16 . Memory (MB): peak = 1859.762 ; gain = 102.852

Phase 5 Rip-up And Reroute

Phase 5.1 Global Iteration 0
 Number of Nodes with overlaps = 2
 Number of Nodes with overlaps = 0
Phase 5.1 Global Iteration 0 | Checksum: 1d5c27e89

Time (s): cpu = 00:00:17 ; elapsed = 00:00:16 . Memory (MB): peak = 1859.762 ; gain = 102.852
Phase 5 Rip-up And Reroute | Checksum: 1d5c27e89

Time (s): cpu = 00:00:17 ; elapsed = 00:00:16 . Memory (MB): peak = 1859.762 ; gain = 102.852

Phase 6 Delay and Skew Optimization
Phase 6 Delay and Skew Optimization | Checksum: 1d5c27e89

Time (s): cpu = 00:00:17 ; elapsed = 00:00:16 . Memory (MB): peak = 1859.762 ; gain = 102.852

Phase 7 Post Hold Fix

Phase 7.1 Hold Fix Iter
Phase 7.1 Hold Fix Iter | Checksum: 1d5c27e89

Time (s): cpu = 00:00:17 ; elapsed = 00:00:16 . Memory (MB): peak = 1859.762 ; gain = 102.852
Phase 7 Post Hold Fix | Checksum: 1d5c27e89

Time (s): cpu = 00:00:17 ; elapsed = 00:00:16 . Memory (MB): peak = 1859.762 ; gain = 102.852

Phase 8 Route finalize

Router Utilization Summary
  Global Vertical Routing Utilization    = 0.0185761 %
  Global Horizontal Routing Utilization  = 0.0330557 %
  Routable Net Status*
  *Does not include unroutable nets such as driverless and loadless.
  Run report_route_status for detailed report.
  Number of Failed Nets               = 0
    (Failed Nets is the sum of unrouted and partially routed nets)
  Number of Unrouted Nets             = 0
  Number of Partially Routed Nets     = 0
  Number of Node Overlaps             = 0


--GLOBAL Congestion:
Utilization threshold used for congestion level computation: 0.85
Congestion Report
North Dir 1x1 Area, Max Cong = 10.8108%, No Congested Regions.
South Dir 1x1 Area, Max Cong = 3.6036%, No Congested Regions.
East Dir 1x1 Area, Max Cong = 11.7647%, No Congested Regions.
West Dir 1x1 Area, Max Cong = 19.1176%, No Congested Regions.

------------------------------
Reporting congestion hotspots
------------------------------
Direction: North
----------------
Congested clusters found at Level 0
Effective congestion level: 0 Aspect Ratio: 1 Sparse Ratio: 0
Direction: South
----------------
Congested clusters found at Level 0
Effective congestion level: 0 Aspect Ratio: 1 Sparse Ratio: 0
Direction: East
----------------
Congested clusters found at Level 0
Effective congestion level: 0 Aspect Ratio: 1 Sparse Ratio: 0
Direction: West
----------------
Congested clusters found at Level 0
Effective congestion level: 0 Aspect Ratio: 1 Sparse Ratio: 0

Phase 8 Route finalize | Checksum: 1d5c27e89

Time (s): cpu = 00:00:17 ; elapsed = 00:00:16 . Memory (MB): peak = 1859.762 ; gain = 102.852

Phase 9 Verifying routed nets

 Verification completed successfully
Phase 9 Verifying routed nets | Checksum: 1d5c27e89

Time (s): cpu = 00:00:17 ; elapsed = 00:00:16 . Memory (MB): peak = 1859.762 ; gain = 102.852

Phase 10 Depositing Routes
Phase 10 Depositing Routes | Checksum: 2c593ad66

Time (s): cpu = 00:00:17 ; elapsed = 00:00:16 . Memory (MB): peak = 1859.762 ; gain = 102.852

Phase 11 Post Process Routing
Phase 11 Post Process Routing | Checksum: 2c593ad66

Time (s): cpu = 00:00:17 ; elapsed = 00:00:16 . Memory (MB): peak = 1859.762 ; gain = 102.852
Total Elapsed time in route_design: 16.025 secs

Phase 12 Post-Route Event Processing
Phase 12 Post-Route Event Processing | Checksum: 1190a1e5c

Time (s): cpu = 00:00:17 ; elapsed = 00:00:16 . Memory (MB): peak = 1859.762 ; gain = 102.852
INFO: [Route 35-16] Router Completed Successfully
Ending Routing Task | Checksum: 1190a1e5c

Time (s): cpu = 00:00:17 ; elapsed = 00:00:16 . Memory (MB): peak = 1859.762 ; gain = 102.852

Routing Is Done.
INFO: [Common 17-83] Releasing license: Implementation
60 Infos, 20 Warnings, 19 Critical Warnings and 0 Errors encountered.
route_design completed successfully
route_design: Time (s): cpu = 00:00:17 ; elapsed = 00:00:16 . Memory (MB): peak = 1859.762 ; gain = 102.852
INFO: [Vivado 12-24828] Executing command : report_drc -file DoubleDabbleTop_drc_routed.rpt -pb DoubleDabbleTop_drc_routed.pb -rpx DoubleDabbleTop_drc_routed.rpx
Command: report_drc -file DoubleDabbleTop_drc_routed.rpt -pb DoubleDabbleTop_drc_routed.pb -rpx DoubleDabbleTop_drc_routed.rpx
INFO: [IP_Flow 19-1839] IP Catalog is up to date.
INFO: [DRC 23-27] Running DRC with 2 threads
INFO: [Vivado_Tcl 2-168] The results of DRC are in file C:/Users/cmworkma/Downloads/GCD.xpr/GCD/GCD.runs/impl_1/DoubleDabbleTop_drc_routed.rpt.
report_drc completed successfully
INFO: [Vivado 12-24828] Executing command : report_methodology -file DoubleDabbleTop_methodology_drc_routed.rpt -pb DoubleDabbleTop_methodology_drc_routed.pb -rpx DoubleDabbleTop_methodology_drc_routed.rpx
Command: report_methodology -file DoubleDabbleTop_methodology_drc_routed.rpt -pb DoubleDabbleTop_methodology_drc_routed.pb -rpx DoubleDabbleTop_methodology_drc_routed.rpx
INFO: [Timing 38-35] Done setting XDC timing constraints.
INFO: [DRC 23-133] Running Methodology with 2 threads
INFO: [Vivado_Tcl 2-1520] The results of Report Methodology are in file C:/Users/cmworkma/Downloads/GCD.xpr/GCD/GCD.runs/impl_1/DoubleDabbleTop_methodology_drc_routed.rpt.
report_methodology completed successfully
INFO: [Vivado 12-24828] Executing command : report_timing_summary -max_paths 10 -report_unconstrained -file DoubleDabbleTop_timing_summary_routed.rpt -pb DoubleDabbleTop_timing_summary_routed.pb -rpx DoubleDabbleTop_timing_summary_routed.rpx -warn_on_violation 
INFO: [Timing 38-35] Done setting XDC timing constraints.
INFO: [Timing 38-91] UpdateTimingParams: Speed grade: -1, Delay Type: min_max.
INFO: [Timing 38-191] Multithreading enabled for timing update using a maximum of 2 CPUs
WARNING: [Timing 38-313] There are no user specified timing constraints. Timing constraints are needed for proper timing analysis.
INFO: [Vivado 12-24838] Running report commands "report_incremental_reuse, report_route_status" in parallel.
Running report generation with 2 threads.
INFO: [Vivado 12-24828] Executing command : report_incremental_reuse -file DoubleDabbleTop_incremental_reuse_routed.rpt
INFO: [Vivado_Tcl 4-1062] Incremental flow is disabled. No incremental reuse Info to report.
INFO: [Vivado 12-24828] Executing command : report_route_status -file DoubleDabbleTop_route_status.rpt -pb DoubleDabbleTop_route_status.pb
INFO: [Vivado 12-24828] Executing command : report_power -file DoubleDabbleTop_power_routed.rpt -pb DoubleDabbleTop_power_summary_routed.pb -rpx DoubleDabbleTop_power_routed.rpx
Command: report_power -file DoubleDabbleTop_power_routed.rpt -pb DoubleDabbleTop_power_summary_routed.pb -rpx DoubleDabbleTop_power_routed.rpx
WARNING: [Power 33-232] No user defined clocks were found in the design! Power estimation will be inaccurate until this is corrected.
Resolution: Please specify clocks using create_clock/create_generated_clock for sequential elements. For pure combinatorial circuits, please specify a virtual clock, otherwise the vectorless estimation might be inaccurate
Running Vector-less Activity Propagation...

Finished Running Vector-less Activity Propagation
77 Infos, 22 Warnings, 19 Critical Warnings and 0 Errors encountered.
report_power completed successfully
INFO: [Vivado 12-24828] Executing command : report_clock_utilization -file DoubleDabbleTop_clock_utilization_routed.rpt
INFO: [Vivado 12-24828] Executing command : report_bus_skew -warn_on_violation -file DoubleDabbleTop_bus_skew_routed.rpt -pb DoubleDabbleTop_bus_skew_routed.pb -rpx DoubleDabbleTop_bus_skew_routed.rpx
INFO: [Timing 38-91] UpdateTimingParams: Speed grade: -1, Delay Type: min_max.
INFO: [Timing 38-191] Multithreading enabled for timing update using a maximum of 2 CPUs
Write ShapeDB Complete: Time (s): cpu = 00:00:00 ; elapsed = 00:00:00.002 . Memory (MB): peak = 1933.945 ; gain = 0.000
INFO: [Timing 38-480] Writing timing data to binary archive.
Wrote PlaceDB: Time (s): cpu = 00:00:00 ; elapsed = 00:00:00.003 . Memory (MB): peak = 1933.945 ; gain = 0.000
Wrote PulsedLatchDB: Time (s): cpu = 00:00:00 ; elapsed = 00:00:00 . Memory (MB): peak = 1933.945 ; gain = 0.000
Writing XDEF routing.
Writing XDEF routing logical nets.
Writing XDEF routing special nets.
Wrote RouteStorage: Time (s): cpu = 00:00:00 ; elapsed = 00:00:00.011 . Memory (MB): peak = 1933.945 ; gain = 0.000
Wrote Netlist Cache: Time (s): cpu = 00:00:00 ; elapsed = 00:00:00 . Memory (MB): peak = 1933.945 ; gain = 0.000
Wrote Device Cache: Time (s): cpu = 00:00:00 ; elapsed = 00:00:00.005 . Memory (MB): peak = 1933.945 ; gain = 0.000
Write Physdb Complete: Time (s): cpu = 00:00:00 ; elapsed = 00:00:00.027 . Memory (MB): peak = 1933.945 ; gain = 0.000
INFO: [Common 17-1381] The checkpoint 'C:/Users/cmworkma/Downloads/GCD.xpr/GCD/GCD.runs/impl_1/DoubleDabbleTop_routed.dcp' has been generated.
Command: write_bitstream -force DoubleDabbleTop.bit
Attempting to get a license for feature 'Implementation' and/or device 'xc7s50'
INFO: [Common 17-349] Got license for feature 'Implementation' and/or device 'xc7s50'
Running DRC as a precondition to command write_bitstream
INFO: [IP_Flow 19-1839] IP Catalog is up to date.
INFO: [DRC 23-27] Running DRC with 2 threads
ERROR: [DRC NSTD-1] Unspecified I/O Standard: 10 out of 21 logical ports use I/O standard (IOSTANDARD) value 'DEFAULT', instead of a user assigned specific value. This may cause I/O contention or incompatibility with the board power or connectivity affecting performance, signal integrity or in extreme cases cause damage to the device or the components to which it is connected. To correct this violation, specify all I/O standards. This design will fail to generate a bitstream unless all logical ports have a user specified I/O standard value defined. To allow bitstream creation with unspecified I/O standard values (not recommended), use this command: set_property SEVERITY {Warning} [get_drc_checks NSTD-1].  NOTE: When using the Vivado Runs infrastructure (e.g. launch_runs Tcl command), add this command to a .tcl file and add that file as a pre-hook for write_bitstream step for the implementation run. Problem ports: BCDDispData[9:0].
ERROR: [DRC UCIO-1] Unconstrained Logical Port: 10 out of 21 logical ports have no user assigned specific location constraint (LOC). This may cause I/O contention or incompatibility with the board power or connectivity affecting performance, signal integrity or in extreme cases cause damage to the device or the components to which it is connected. To correct this violation, specify all pin locations. This design will fail to generate a bitstream unless all logical ports have a user specified site LOC constraint defined.  To allow bitstream creation with unspecified pin locations (not recommended), use this command: set_property SEVERITY {Warning} [get_drc_checks UCIO-1].  NOTE: When using the Vivado Runs infrastructure (e.g. launch_runs Tcl command), add this command to a .tcl file and add that file as a pre-hook for write_bitstream step for the implementation run.  Problem ports: BCDDispData[9:0].
INFO: [Vivado 12-3199] DRC finished with 2 Errors
INFO: [Vivado 12-3200] Please refer to the DRC report (report_drc) for more information.
ERROR: [Vivado 12-1345] Error(s) found during DRC. Bitgen not run.
INFO: [Common 17-83] Releasing license: Implementation
89 Infos, 22 Warnings, 19 Critical Warnings and 3 Errors encountered.
write_bitstream failed
ERROR: [Common 17-39] 'write_bitstream' failed due to earlier errors.

INFO: [Common 17-206] Exiting Vivado at Fri Nov  7 15:33:25 2025...
